<?xml version="1.0" encoding="UTF-8"?>
<coverage generated="1729242271755" clover="3.2.0">
  <project timestamp="1729242271755" name="All files">
    <metrics statements="24" coveredstatements="24" conditionals="11" coveredconditionals="10" methods="2" coveredmethods="2" elements="37" coveredelements="36" complexity="0" loc="24" ncloc="24" packages="1" files="2" classes="2"/>
    <file name="dynamoDbClient.ts" path="/Users/cremaschinin/Documents/sorgenti/personal/atomic-counter/lib/lambda/dynamo/dynamoDbClient.ts">
      <metrics statements="2" coveredstatements="2" conditionals="0" coveredconditionals="0" methods="0" coveredmethods="0"/>
      <line num="1" count="1" type="stmt"/>
      <line num="3" count="1" type="stmt"/>
    </file>
    <file name="index.ts" path="/Users/cremaschinin/Documents/sorgenti/personal/atomic-counter/lib/lambda/dynamo/index.ts">
      <metrics statements="22" coveredstatements="22" conditionals="11" coveredconditionals="10" methods="2" coveredmethods="2"/>
      <line num="1" count="1" type="stmt"/>
      <line num="2" count="1" type="stmt"/>
      <line num="4" count="1" type="cond" truecount="0" falsecount="1"/>
      <line num="6" count="4" type="cond" truecount="2" falsecount="0"/>
      <line num="7" count="4" type="cond" truecount="2" falsecount="0"/>
      <line num="10" count="4" type="stmt"/>
      <line num="12" count="4" type="stmt"/>
      <line num="14" count="4" type="stmt"/>
      <line num="16" count="4" type="stmt"/>
      <line num="18" count="2" type="stmt"/>
      <line num="20" count="2" type="stmt"/>
      <line num="30" count="2" type="stmt"/>
      <line num="32" count="2" type="stmt"/>
      <line num="34" count="2" type="cond" truecount="2" falsecount="0"/>
      <line num="35" count="1" type="stmt"/>
      <line num="43" count="1" type="stmt"/>
      <line num="49" count="2" type="stmt"/>
      <line num="53" count="1" type="stmt"/>
      <line num="54" count="4" type="cond" truecount="2" falsecount="0"/>
      <line num="56" count="4" type="stmt"/>
      <line num="68" count="4" type="stmt"/>
      <line num="82" count="4" type="cond" truecount="2" falsecount="0"/>
    </file>
  </project>
</coverage>
