{"/Users/cremaschinin/Documents/sorgenti/personal/atomic-counter/lib/lambda/dynamo/dynamoDbClient.ts": {"path":"/Users/cremaschinin/Documents/sorgenti/personal/atomic-counter/lib/lambda/dynamo/dynamoDbClient.ts","statementMap":{"0":{"start":{"line":1,"column":0},"end":{"line":1,"column":58}},"1":{"start":{"line":3,"column":13},"end":{"line":3,"column":53}}},"fnMap":{},"branchMap":{},"s":{"0":1,"1":1},"f":{},"b":{}}
,"/Users/cremaschinin/Documents/sorgenti/personal/atomic-counter/lib/lambda/dynamo/index.ts": {"path":"/Users/cremaschinin/Documents/sorgenti/personal/atomic-counter/lib/lambda/dynamo/index.ts","statementMap":{"0":{"start":{"line":1,"column":0},"end":{"line":1,"column":61}},"1":{"start":{"line":2,"column":0},"end":{"line":2,"column":50}},"2":{"start":{"line":4,"column":23},"end":{"line":51,"column":1}},"3":{"start":{"line":6,"column":31},"end":{"line":6,"column":91}},"4":{"start":{"line":7,"column":26},"end":{"line":7,"column":63}},"5":{"start":{"line":10,"column":2},"end":{"line":50,"column":3}},"6":{"start":{"line":12,"column":15},"end":{"line":12,"column":39}},"7":{"start":{"line":14,"column":24},"end":{"line":14,"column":81}},"8":{"start":{"line":16,"column":19},"end":{"line":16,"column":80}},"9":{"start":{"line":18,"column":20},"end":{"line":18,"column":63}},"10":{"start":{"line":20,"column":4},"end":{"line":26,"column":6}},"11":{"start":{"line":30,"column":4},"end":{"line":30,"column":35}},"12":{"start":{"line":32,"column":20},"end":{"line":32,"column":22}},"13":{"start":{"line":34,"column":4},"end":{"line":47,"column":5}},"14":{"start":{"line":35,"column":6},"end":{"line":41,"column":8}},"15":{"start":{"line":43,"column":6},"end":{"line":46,"column":8}},"16":{"start":{"line":49,"column":4},"end":{"line":49,"column":null}},"17":{"start":{"line":4,"column":13},"end":{"line":4,"column":23}},"18":{"start":{"line":53,"column":23},"end":{"line":83,"column":1}},"19":{"start":{"line":54,"column":21},"end":{"line":54,"column":49}},"20":{"start":{"line":56,"column":35},"end":{"line":66,"column":4}},"21":{"start":{"line":68,"column":33},"end":{"line":80,"column":4}},"22":{"start":{"line":82,"column":2},"end":{"line":82,"column":82}}},"fnMap":{"0":{"name":"(anonymous_0)","decl":{"start":{"line":4,"column":23},"end":{"line":4,"column":28}},"loc":{"start":{"line":4,"column":63},"end":{"line":51,"column":1}}},"1":{"name":"(anonymous_1)","decl":{"start":{"line":53,"column":23},"end":{"line":53,"column":24}},"loc":{"start":{"line":53,"column":94},"end":{"line":83,"column":1}}}},"branchMap":{"0":{"loc":{"start":{"line":4,"column":30},"end":{"line":4,"column":45}},"type":"default-arg","locations":[{"start":{"line":4,"column":43},"end":{"line":4,"column":45}}]},"1":{"loc":{"start":{"line":6,"column":31},"end":{"line":6,"column":91}},"type":"cond-expr","locations":[{"start":{"line":6,"column":79},"end":{"line":6,"column":83}},{"start":{"line":6,"column":86},"end":{"line":6,"column":91}}]},"2":{"loc":{"start":{"line":7,"column":26},"end":{"line":7,"column":63}},"type":"binary-expr","locations":[{"start":{"line":7,"column":26},"end":{"line":7,"column":55}},{"start":{"line":7,"column":59},"end":{"line":7,"column":63}}]},"3":{"loc":{"start":{"line":34,"column":4},"end":{"line":47,"column":5}},"type":"if","locations":[{"start":{"line":34,"column":4},"end":{"line":47,"column":5}},{"start":{"line":42,"column":11},"end":{"line":47,"column":5}}]},"4":{"loc":{"start":{"line":54,"column":21},"end":{"line":54,"column":49}},"type":"binary-expr","locations":[{"start":{"line":54,"column":21},"end":{"line":54,"column":43}},{"start":{"line":54,"column":47},"end":{"line":54,"column":49}}]},"5":{"loc":{"start":{"line":82,"column":9},"end":{"line":82,"column":81}},"type":"cond-expr","locations":[{"start":{"line":82,"column":32},"end":{"line":82,"column":54}},{"start":{"line":82,"column":57},"end":{"line":82,"column":81}}]}},"s":{"0":1,"1":1,"2":1,"3":4,"4":4,"5":4,"6":4,"7":4,"8":4,"9":2,"10":2,"11":2,"12":2,"13":2,"14":1,"15":1,"16":2,"17":1,"18":1,"19":4,"20":4,"21":4,"22":4},"f":{"0":4,"1":4},"b":{"0":[0],"1":[3,1],"2":[4,4],"3":[1,1],"4":[4,4],"5":[3,1]}}
}
