TN:
SF:lib/lambda/dynamo/dynamoDbClient.ts
FNF:0
FNH:0
DA:1,1
DA:3,1
LF:2
LH:2
BRF:0
BRH:0
end_of_record
TN:
SF:lib/lambda/dynamo/index.ts
FN:4,(anonymous_0)
FN:53,(anonymous_1)
FNF:2
FNH:2
FNDA:4,(anonymous_0)
FNDA:4,(anonymous_1)
DA:1,1
DA:2,1
DA:4,1
DA:6,4
DA:7,4
DA:10,4
DA:12,4
DA:14,4
DA:16,4
DA:18,2
DA:20,2
DA:30,2
DA:32,2
DA:34,2
DA:35,1
DA:43,1
DA:49,2
DA:53,1
DA:54,4
DA:56,4
DA:68,4
DA:82,4
LF:22
LH:22
BRDA:4,0,0,0
BRDA:6,1,0,3
BRDA:6,1,1,1
BRDA:7,2,0,4
BRDA:7,2,1,4
BRDA:34,3,0,1
BRDA:34,3,1,1
BRDA:54,4,0,4
BRDA:54,4,1,4
BRDA:82,5,0,3
BRDA:82,5,1,1
BRF:11
BRH:10
end_of_record
